<?xml version="1.0" encoding="UTF-8"?>
<!-- Generated by org.testng.reporters.JUnitReportReporter -->
<testsuite hostname="DESKTOP-S0CRNCS" failures="0" tests="2" name="com.edureka.selenium.demoblaze.testcases.HomePageTest" time="15.852" errors="0" timestamp="2025-03-30T23:35:21 EDT" skipped="0">
  <testcase classname="com.edureka.selenium.demoblaze.testcases.HomePageTest" name="verifyHomePageTitle" time="4.919"/>
  <system-out/>
  <testcase classname="com.edureka.selenium.demoblaze.testcases.HomePageTest" name="verifyLogoIsDisplayed" time="10.933"/>
  <system-out/>
</testsuite> <!-- com.edureka.selenium.demoblaze.testcases.HomePageTest -->
