<?xml version="1.0" encoding="UTF-8"?>
<!-- Generated by org.testng.reporters.JUnitReportReporter -->
<testsuite hostname="DESKTOP-S0CRNCS" failures="0" tests="1" name="com.edureka.selenium.demoblaze.testcases.LoginTest" time="12.026" errors="0" timestamp="2025-03-30T23:44:45 EDT" skipped="0">
  <testcase classname="com.edureka.selenium.demoblaze.testcases.LoginTest" name="testValidLogin" time="12.026"/>
  <system-out/>
</testsuite> <!-- com.edureka.selenium.demoblaze.testcases.LoginTest -->
