<?xml version="1.0" encoding="UTF-8"?>
<!-- Generated by org.testng.reporters.JUnitReportReporter -->
<testsuite hostname="DESKTOP-S0CRNCS" failures="0" tests="24" name="com.edureka.selenium.demoblaze.runner.TestRunner" time="557.288" errors="0" timestamp="2025-04-01T18:37:26 EDT" skipped="0">
  <testcase classname="com.edureka.selenium.demoblaze.runner.TestRunner" name="runScenario" time="21.632"/>
  <system-out/>
  <testcase classname="com.edureka.selenium.demoblaze.runner.TestRunner" name="runScenario" time="19.140"/>
  <system-out/>
  <testcase classname="com.edureka.selenium.demoblaze.runner.TestRunner" name="runScenario" time="21.568"/>
  <system-out/>
  <testcase classname="com.edureka.selenium.demoblaze.runner.TestRunner" name="runScenario" time="11.688"/>
  <system-out/>
  <testcase classname="com.edureka.selenium.demoblaze.runner.TestRunner" name="runScenario" time="20.357"/>
  <system-out/>
  <testcase classname="com.edureka.selenium.demoblaze.runner.TestRunner" name="runScenario" time="9.814"/>
  <system-out/>
  <testcase classname="com.edureka.selenium.demoblaze.runner.TestRunner" name="runScenario" time="19.442"/>
  <system-out/>
  <testcase classname="com.edureka.selenium.demoblaze.runner.TestRunner" name="runScenario" time="26.907"/>
  <system-out/>
  <testcase classname="com.edureka.selenium.demoblaze.runner.TestRunner" name="runScenario" time="22.427"/>
  <system-out/>
  <testcase classname="com.edureka.selenium.demoblaze.runner.TestRunner" name="runScenario" time="19.359"/>
  <system-out/>
  <testcase classname="com.edureka.selenium.demoblaze.runner.TestRunner" name="runScenario" time="21.026"/>
  <system-out/>
  <testcase classname="com.edureka.selenium.demoblaze.runner.TestRunner" name="runScenario" time="44.899"/>
  <system-out/>
  <testcase classname="com.edureka.selenium.demoblaze.runner.TestRunner" name="runScenario" time="16.766"/>
  <system-out/>
  <testcase classname="com.edureka.selenium.demoblaze.runner.TestRunner" name="runScenario" time="16.590"/>
  <system-out/>
  <testcase classname="com.edureka.selenium.demoblaze.runner.TestRunner" name="runScenario" time="57.601"/>
  <system-out/>
  <testcase classname="com.edureka.selenium.demoblaze.runner.TestRunner" name="runScenario" time="45.209"/>
  <system-out/>
  <testcase classname="com.edureka.selenium.demoblaze.runner.TestRunner" name="runScenario" time="18.361"/>
  <system-out/>
  <testcase classname="com.edureka.selenium.demoblaze.runner.TestRunner" name="runScenario" time="20.576"/>
  <system-out/>
  <testcase classname="com.edureka.selenium.demoblaze.runner.TestRunner" name="runScenario" time="21.332"/>
  <system-out/>
  <testcase classname="com.edureka.selenium.demoblaze.runner.TestRunner" name="runScenario" time="19.869"/>
  <system-out/>
  <testcase classname="com.edureka.selenium.demoblaze.runner.TestRunner" name="runScenario" time="27.824"/>
  <system-out/>
  <testcase classname="com.edureka.selenium.demoblaze.runner.TestRunner" name="runScenario" time="21.301"/>
  <system-out/>
  <testcase classname="com.edureka.selenium.demoblaze.runner.TestRunner" name="runScenario" time="21.568"/>
  <system-out/>
  <testcase classname="com.edureka.selenium.demoblaze.runner.TestRunner" name="runScenario" time="12.032"/>
  <system-out/>
</testsuite> <!-- com.edureka.selenium.demoblaze.runner.TestRunner -->
